Flow report for HamsterBall
Thu May 25 21:01:46 2017
Quartus II Version 9.0 Build 132 02/25/2009 SJ Full Version


---------------------
; Table of Contents ;
---------------------
  1. Legal Notice
  2. Flow Summary
  3. Flow Settings
  4. Flow Non-Default Global Settings
  5. Flow Elapsed Time
  6. Flow OS Summary
  7. Flow Log



----------------
; Legal Notice ;
----------------
Copyright (C) 1991-2009 Altera Corporation
Your use of Altera Corporation's design tools, logic functions 
and other software and tools, and its AMPP partner logic 
functions, and any output files from any of the foregoing 
(including device programming or simulation files), and any 
associated documentation or information are expressly subject 
to the terms and conditions of the Altera Program License 
Subscription Agreement, Altera MegaCore Function License 
Agreement, or other applicable license agreement, including, 
without limitation, that your use is for the sole purpose of 
programming logic devices manufactured by Altera and sold by 
Altera or its authorized distributors.  Please refer to the 
applicable agreement for further details.



+-------------------------------------------------------------------------------+
; Flow Summary                                                                  ;
+------------------------------------+------------------------------------------+
; Flow Status                        ; Successful - Thu May 25 21:01:46 2017    ;
; Quartus II Version                 ; 9.0 Build 132 02/25/2009 SJ Full Version ;
; Revision Name                      ; HamsterBall                              ;
; Top-level Entity Name              ; HamsterBall                              ;
; Family                             ; Cyclone II                               ;
; Device                             ; EP2C70F672C8                             ;
; Timing Models                      ; Final                                    ;
; Met timing requirements            ; No                                       ;
; Total logic elements               ; 422 / 68,416 ( < 1 % )                   ;
;     Total combinational functions  ; 397 / 68,416 ( < 1 % )                   ;
;     Dedicated logic registers      ; 184 / 68,416 ( < 1 % )                   ;
; Total registers                    ; 184                                      ;
; Total pins                         ; 34 / 422 ( 8 % )                         ;
; Total virtual pins                 ; 0                                        ;
; Total memory bits                  ; 208,896 / 1,152,000 ( 18 % )             ;
; Embedded Multiplier 9-bit elements ; 0 / 300 ( 0 % )                          ;
; Total PLLs                         ; 0 / 4 ( 0 % )                            ;
+------------------------------------+------------------------------------------+


+-----------------------------------------+
; Flow Settings                           ;
+-------------------+---------------------+
; Option            ; Setting             ;
+-------------------+---------------------+
; Start date & time ; 05/25/2017 21:01:05 ;
; Main task         ; Compilation         ;
; Revision Name     ; HamsterBall         ;
+-------------------+---------------------+


+------------------------------------------------------------------------------------------------------------------------------------+
; Flow Non-Default Global Settings                                                                                                   ;
+------------------------------------+------------------------------------------------+---------------+-------------+----------------+
; Assignment Name                    ; Value                                          ; Default Value ; Entity Name ; Section Id     ;
+------------------------------------+------------------------------------------------+---------------+-------------+----------------+
; COMPILER_SIGNATURE_ID              ; 35490512826878.149571726517528                 ; --            ; --          ; --             ;
; MAX_CORE_JUNCTION_TEMP             ; 85                                             ; --            ; --          ; --             ;
; MIN_CORE_JUNCTION_TEMP             ; 0                                              ; --            ; --          ; --             ;
; MISC_FILE                          ; \\Mac\Home\Desktop\HamsterBall\HamsterBall.dpf ; --            ; --          ; --             ;
; PARTITION_COLOR                    ; 16764057                                       ; --            ; --          ; Top            ;
; PARTITION_NETLIST_TYPE             ; SOURCE                                         ; --            ; --          ; Top            ;
; USE_GENERATED_PHYSICAL_CONSTRAINTS ; Off                                            ; --            ; --          ; eda_blast_fpga ;
+------------------------------------+------------------------------------------------+---------------+-------------+----------------+


+-----------------------------------------------------------------------------------------------------------------------------+
; Flow Elapsed Time                                                                                                           ;
+-------------------------+--------------+-------------------------+---------------------+------------------------------------+
; Module Name             ; Elapsed Time ; Average Processors Used ; Peak Virtual Memory ; Total CPU Time (on all processors) ;
+-------------------------+--------------+-------------------------+---------------------+------------------------------------+
; Analysis & Synthesis    ; 00:00:25     ; 1.0                     ; 858 MB              ; 00:00:25                           ;
; Fitter                  ; 00:00:08     ; 1.0                     ; 411 MB              ; 00:00:08                           ;
; Assembler               ; 00:00:04     ; 1.0                     ; 364 MB              ; 00:00:04                           ;
; Classic Timing Analyzer ; 00:00:00     ; 1.0                     ; 203 MB              ; 00:00:00                           ;
; Total                   ; 00:00:37     ; --                      ; --                  ; 00:00:37                           ;
+-------------------------+--------------+-------------------------+---------------------+------------------------------------+


+------------------------------------------------------------------------------------------+
; Flow OS Summary                                                                          ;
+-------------------------+------------------+---------------+------------+----------------+
; Module Name             ; Machine Hostname ; OS Name       ; OS Version ; Processor type ;
+-------------------------+------------------+---------------+------------+----------------+
; Analysis & Synthesis    ; DESKTOP-T8653VT  ; Windows Vista ; 6.2        ; x86_64         ;
; Fitter                  ; DESKTOP-T8653VT  ; Windows Vista ; 6.2        ; x86_64         ;
; Assembler               ; DESKTOP-T8653VT  ; Windows Vista ; 6.2        ; x86_64         ;
; Classic Timing Analyzer ; DESKTOP-T8653VT  ; Windows Vista ; 6.2        ; x86_64         ;
+-------------------------+------------------+---------------+------------+----------------+


------------
; Flow Log ;
------------
quartus_map --read_settings_files=on --write_settings_files=off HamsterBall -c HamsterBall
quartus_fit --read_settings_files=off --write_settings_files=off HamsterBall -c HamsterBall
quartus_asm --read_settings_files=off --write_settings_files=off HamsterBall -c HamsterBall
quartus_tan --read_settings_files=off --write_settings_files=off HamsterBall -c HamsterBall --timing_analysis_only



